<?xml version="1.0" encoding="UTF-8"?>
<testsuite xmlns:xsi="http://www.w3.org/2001/XMLSchema-instance" xsi:noNamespaceSchemaLocation="https://maven.apache.org/surefire/maven-surefire-plugin/xsd/surefire-test-report-3.0.xsd" version="3.0" name="TestSuite" time="8.819" tests="2" errors="0" skipped="0" failures="1">
  <properties>
[...]
</properties>
  <testcase name="runScenario[&quot;User able to login with valid credentials in SauceDemo&quot;, &quot;SauceDemo&quot;](1)" classname="TestRunner" time="4.83">
    <system-err><![CDATA[SLF4J: Failed to load class "org.slf4j.impl.StaticLoggerBinder".
SLF4J: Defaulting to no-operation (NOP) logger implementation
SLF4J: See http://www.slf4j.org/codes.html#StaticLoggerBinder for further details.
Oct 19, 2023 9:01:26 PM org.openqa.selenium.devtools.CdpVersionFinder findNearestMatch
WARNING: Unable to find an exact match for CDP version 117, so returning the closest version found: 116
]]></system-err>
  </testcase>
  <testcase name="runScenario[&quot;Failing test on purpose&quot;, &quot;SauceDemo&quot;](2)" classname="TestRunner" time="2.957">
    <failure message="expected [Swag Labsssss] but found [Swag Labs]" type="java.lang.AssertionError"><![CDATA[java.lang.AssertionError: expected [Swag Labsssss] but found [Swag Labs]
	at org.testng.Assert.fail(Assert.java:111)
	at org.testng.Assert.failNotEquals(Assert.java:1578)
	at org.testng.Assert.assertEqualsImpl(Assert.java:150)
	at org.testng.Assert.assertEquals(Assert.java:132)
	at org.testng.Assert.assertEquals(Assert.java:656)
	at org.testng.Assert.assertEquals(Assert.java:666)
	at pageObject.SauceDemoLogin_page.verifyLogoName(SauceDemoLogin_page.java:30)
	at stepDef.SauceDemo_step.verifyLogoNameForSauceDemo(SauceDemo_step.java:39)
	at ✽.Verify logo name for SauceDemo(file:///Users/hbhuiyan/Documents/TalentTEK/GitStuff/CFW_Online_Batch23/src/test/java/features/SauceDemo.feature:13)
]]></failure>
    <system-err><![CDATA[Oct 19, 2023 9:01:29 PM org.openqa.selenium.devtools.CdpVersionFinder findNearestMatch
WARNING: Unable to find an exact match for CDP version 117, so returning the closest version found: 116
]]></system-err>
  </testcase>
</testsuite>